[0m13:57:22.890932 [debug] [MainThread]: Sending event: {'category': 'dbt', 'action': 'invocation', 'label': 'start', 'context': [<snowplow_tracker.self_describing_json.SelfDescribingJson object at 0x109438690>, <snowplow_tracker.self_describing_json.SelfDescribingJson object at 0x10bffa590>, <snowplow_tracker.self_describing_json.SelfDescribingJson object at 0x10c0780d0>]}


============================== 13:57:22.893049 | f3a7936a-496c-40ce-908e-41d12d8ccfac ==============================
[0m13:57:22.893049 [info ] [MainThread]: Running with dbt=1.11.2
[0m13:57:22.893304 [debug] [MainThread]: running dbt with arguments {'log_cache_events': 'False', 'no_print': 'None', 'introspect': 'True', 'printer_width': '80', 'debug': 'False', 'warn_error_options': 'WarnErrorOptionsV2(error=[], warn=[], silence=[])', 'cache_selected_only': 'False', 'partial_parse': 'True', 'use_colors': 'True', 'target_path': 'None', 'send_anonymous_usage_stats': 'True', 'write_json': 'True', 'warn_error': 'None', 'invocation_command': 'dbt init --skip-profile-setup airbnb', 'profiles_dir': '/Users/geromeleclercq/.dbt', 'indirect_selection': 'eager', 'empty': 'None', 'log_path': 'logs', 'fail_fast': 'False', 'static_parser': 'True', 'log_format': 'default', 'quiet': 'False', 'use_experimental_parser': 'False', 'version_check': 'True'}
[0m13:57:22.912812 [info ] [MainThread]: Creating dbt configuration folder at /Users/geromeleclercq/.dbt
[0m13:57:22.913643 [debug] [MainThread]: Starter project path: /Users/geromeleclercq/DBT_Course/course/.venv/lib/python3.11/site-packages/dbt/include/starter_project
[0m13:57:22.916282 [info ] [MainThread]: 
Your new dbt project "airbnb" was created!

For more information on how to configure the profiles.yml file,
please consult the dbt documentation here:

  https://docs.getdbt.com/docs/configure-your-profile

One more thing:

Need help? Don't hesitate to reach out to us via GitHub issues or on Slack:

  https://community.getdbt.com/

Happy modeling!

[0m13:57:22.918003 [debug] [MainThread]: Resource report: {"command_name": "init", "command_success": true, "command_wall_clock_time": 0.0577835, "process_in_blocks": "0", "process_kernel_time": 0.110999, "process_mem_max_rss": "113639424", "process_out_blocks": "0", "process_user_time": 0.504799}
[0m13:57:22.918212 [debug] [MainThread]: Command `dbt init` succeeded at 13:57:22.918164 after 0.06 seconds
[0m13:57:22.918358 [debug] [MainThread]: Sending event: {'category': 'dbt', 'action': 'invocation', 'label': 'end', 'context': [<snowplow_tracker.self_describing_json.SelfDescribingJson object at 0x10be86c50>, <snowplow_tracker.self_describing_json.SelfDescribingJson object at 0x10bffab10>, <snowplow_tracker.self_describing_json.SelfDescribingJson object at 0x1080392d0>]}
[0m13:57:22.918494 [debug] [MainThread]: Flushing usage events
[0m13:57:23.444579 [debug] [MainThread]: An error was encountered while trying to flush usage events
[0m16:51:06.674806 [debug] [MainThread]: Sending event: {'category': 'dbt', 'action': 'invocation', 'label': 'start', 'context': [<snowplow_tracker.self_describing_json.SelfDescribingJson object at 0x10b9f6550>, <snowplow_tracker.self_describing_json.SelfDescribingJson object at 0x10ba7be10>, <snowplow_tracker.self_describing_json.SelfDescribingJson object at 0x10baa0850>]}


============================== 16:51:06.676672 | e46c3544-f833-4654-b2a5-a919422ab987 ==============================
[0m16:51:06.676672 [info ] [MainThread]: Running with dbt=1.11.2
[0m16:51:06.676928 [debug] [MainThread]: running dbt with arguments {'invocation_command': 'dbt docs generate', 'introspect': 'True', 'partial_parse': 'True', 'profiles_dir': '/Users/geromeleclercq/.dbt', 'no_print': 'None', 'write_json': 'True', 'static_parser': 'True', 'log_cache_events': 'False', 'version_check': 'True', 'fail_fast': 'False', 'warn_error': 'None', 'quiet': 'False', 'log_path': 'logs', 'cache_selected_only': 'False', 'debug': 'False', 'printer_width': '80', 'log_format': 'default', 'warn_error_options': 'WarnErrorOptionsV2(error=[], warn=[], silence=[])', 'use_colors': 'True', 'send_anonymous_usage_stats': 'True', 'empty': 'None', 'use_experimental_parser': 'False', 'indirect_selection': 'eager', 'target_path': 'None'}
[0m16:51:06.677192 [error] [MainThread]: Encountered an error:
Runtime Error
  No dbt_project.yml found at expected path /Users/geromeleclercq/DBT_Course/course/dbt_project.yml
  Verify that each entry within packages.yml (and their transitive dependencies) contains a file named dbt_project.yml
  
[0m16:51:06.678289 [debug] [MainThread]: Resource report: {"command_name": "generate", "command_success": false, "command_wall_clock_time": 0.037722375, "process_in_blocks": "0", "process_kernel_time": 0.104933, "process_mem_max_rss": "111067136", "process_out_blocks": "0", "process_user_time": 0.567115}
[0m16:51:06.678530 [debug] [MainThread]: Command `dbt docs generate` failed at 16:51:06.678489 after 0.04 seconds
[0m16:51:06.678694 [debug] [MainThread]: Sending event: {'category': 'dbt', 'action': 'invocation', 'label': 'end', 'context': [<snowplow_tracker.self_describing_json.SelfDescribingJson object at 0x10ba7b550>, <snowplow_tracker.self_describing_json.SelfDescribingJson object at 0x10ba7b3d0>, <snowplow_tracker.self_describing_json.SelfDescribingJson object at 0x10b9e7810>]}
[0m16:51:06.678848 [debug] [MainThread]: Flushing usage events
[0m16:51:07.177197 [debug] [MainThread]: An error was encountered while trying to flush usage events
[0m16:52:10.782226 [debug] [MainThread]: Sending event: {'category': 'dbt', 'action': 'invocation', 'label': 'start', 'context': [<snowplow_tracker.self_describing_json.SelfDescribingJson object at 0x10db1a550>, <snowplow_tracker.self_describing_json.SelfDescribingJson object at 0x10db2c0d0>, <snowplow_tracker.self_describing_json.SelfDescribingJson object at 0x10db2fe10>]}


============================== 16:52:10.783831 | f6f3f2eb-02b2-4003-b0dd-9f0b2967d4a8 ==============================
[0m16:52:10.783831 [info ] [MainThread]: Running with dbt=1.11.2
[0m16:52:10.784085 [debug] [MainThread]: running dbt with arguments {'introspect': 'True', 'fail_fast': 'False', 'write_json': 'True', 'invocation_command': 'dbt docs generate', 'warn_error': 'None', 'log_cache_events': 'False', 'cache_selected_only': 'False', 'indirect_selection': 'eager', 'empty': 'None', 'debug': 'False', 'warn_error_options': 'WarnErrorOptionsV2(error=[], warn=[], silence=[])', 'quiet': 'False', 'version_check': 'True', 'printer_width': '80', 'use_colors': 'True', 'partial_parse': 'True', 'no_print': 'None', 'log_path': 'logs', 'send_anonymous_usage_stats': 'True', 'log_format': 'default', 'use_experimental_parser': 'False', 'target_path': 'None', 'profiles_dir': '/Users/geromeleclercq/.dbt', 'static_parser': 'True'}
[0m16:52:10.784297 [error] [MainThread]: Encountered an error:
Runtime Error
  No dbt_project.yml found at expected path /Users/geromeleclercq/DBT_Course/course/dbt_project.yml
  Verify that each entry within packages.yml (and their transitive dependencies) contains a file named dbt_project.yml
  
[0m16:52:10.785278 [debug] [MainThread]: Resource report: {"command_name": "generate", "command_success": false, "command_wall_clock_time": 0.031510625, "process_in_blocks": "0", "process_kernel_time": 0.081039, "process_mem_max_rss": "111198208", "process_out_blocks": "0", "process_user_time": 0.487559}
[0m16:52:10.785485 [debug] [MainThread]: Command `dbt docs generate` failed at 16:52:10.785446 after 0.03 seconds
[0m16:52:10.785622 [debug] [MainThread]: Sending event: {'category': 'dbt', 'action': 'invocation', 'label': 'end', 'context': [<snowplow_tracker.self_describing_json.SelfDescribingJson object at 0x10db2c310>, <snowplow_tracker.self_describing_json.SelfDescribingJson object at 0x10db2fcd0>, <snowplow_tracker.self_describing_json.SelfDescribingJson object at 0x10daabf50>]}
[0m16:52:10.785750 [debug] [MainThread]: Flushing usage events
[0m16:52:11.234976 [debug] [MainThread]: An error was encountered while trying to flush usage events
